<?xml version="1.0" encoding="UTF-8"?>
<!-- Generated by org.testng.reporters.JUnitReportReporter -->
<testsuite hostname="LAPTOP-G1NMUVBA" failures="0" tests="4" name="testLayer.LoginTest" time="64.959" errors="0" timestamp="2022-11-24T21:25:12 EST" skipped="0">
  <testcase classname="testLayer.LoginTest" name="Title" time="12.654"/>
  <system-out/>
  <testcase classname="testLayer.LoginTest" name="Login" time="15.765"/>
  <system-out/>
  <testcase classname="testLayer.LoginTest" name="Login" time="20.245"/>
  <system-out/>
  <testcase classname="testLayer.LoginTest" name="Login" time="16.295"/>
  <system-out/>
</testsuite> <!-- testLayer.LoginTest -->
